Arguments: 
  C:\Program Files\nodejs\node.exe C:\Program Files\nodejs\node_modules\yarn\bin\yarn.js add discordjs

PATH: 
  C:\Users\Omer\bin;C:\Program Files\Git\mingw64\bin;C:\Program Files\Git\usr\local\bin;C:\Program Files\Git\usr\bin;C:\Program Files\Git\usr\bin;C:\Program Files\Git\mingw64\bin;C:\Program Files\Git\usr\bin;C:\Users\Omer\bin;C:\WINDOWS\system32;C:\WINDOWS;C:\WINDOWS\System32\Wbem;C:\WINDOWS\System32\WindowsPowerShell\v1.0;C:\WINDOWS\System32\OpenSSH;C:\Program Files\Java\jdk-11.0.2\bin;C:\Program Files\Git\cmd;C:\Program Files\Git LFS;C:\Users\Omer\AppData\Roaming\nvm;C:\Program Files\nodejs;C:\Users\Omer\.windows-build-tools\python27;C:\Users\Omer\AppData\Local\Programs\Python\Python37-32\Scripts;C:\Users\Omer\AppData\Local\Programs\Python\Python37-32;C:\Users\Omer\AppData\Local\Microsoft\WindowsApps;C:\Users\Omer\AppData\Roaming\nvm;C:\Program Files\nodejs;C:\Program Files\Git\usr\bin\vendor_perl;C:\Program Files\Git\usr\bin\core_perl

Yarn version: 
  1.17.3

Node version: 
  12.8.0

Platform: 
  win32 x64

Trace: 
  Error: https://registry.yarnpkg.com/discordjs: Not found
      at Request.params.callback [as _callback] (C:\Users\Omer\AppData\Roaming\nvm\v12.8.0\node_modules\yarn\lib\cli.js:66830:18)
      at Request.self.callback (C:\Users\Omer\AppData\Roaming\nvm\v12.8.0\node_modules\yarn\lib\cli.js:140464:22)
      at Request.emit (events.js:203:13)
      at Request.<anonymous> (C:\Users\Omer\AppData\Roaming\nvm\v12.8.0\node_modules\yarn\lib\cli.js:141436:10)
      at Request.emit (events.js:203:13)
      at IncomingMessage.<anonymous> (C:\Users\Omer\AppData\Roaming\nvm\v12.8.0\node_modules\yarn\lib\cli.js:141358:12)
      at Object.onceWrapper (events.js:291:20)
      at IncomingMessage.emit (events.js:208:15)
      at endReadableNT (_stream_readable.js:1168:12)
      at processTicksAndRejections (internal/process/task_queues.js:77:11)

npm manifest: 
  {
    "name": "breadbot",
    "version": "1.0.0",
    "description": "",
    "main": "bot.js",
    "scripts": {
      "test": "echo \"Error: no test specified\" && exit 1"
    },
    "author": "",
    "license": "MIT",
    "dependencies": {
      "opusscript": "^0.0.7"
    }
  }

yarn manifest: 
  No manifest

Lockfile: 
  # THIS IS AN AUTOGENERATED FILE. DO NOT EDIT THIS FILE DIRECTLY.
  # yarn lockfile v1
  
  
  opusscript@^0.0.7:
    version "0.0.7"
    resolved "https://registry.yarnpkg.com/opusscript/-/opusscript-0.0.7.tgz#7dd7ec55b302d26bf588e6fc3feb090b8c7da856"
    integrity sha512-DcBadTdYTUuH9zQtepsLjQn4Ll6rs3dmeFvN+SD0ThPnxRBRm/WC1zXWPg+wgAJimB784gdZvUMA57gDP7FdVg==
